0: launch.sh: line 2: ​: command not found
0: launch.sh: line 5: ​: command not found
0: launch.sh: line 12: ​: command not found
0: launch.sh: line 15: ​: command not found
0: launch.sh: line 17: ​: command not found
0: launch.sh: line 20: ​: command not found
0: /opt/amdgpu/share/libdrm/amdgpu.ids: No such file or directory
0: /opt/amdgpu/share/libdrm/amdgpu.ids: No such file or directory
0: /opt/amdgpu/share/libdrm/amdgpu.ids: No such file or directory
0: /opt/amdgpu/share/libdrm/amdgpu.ids: No such file or directory
0: /opt/amdgpu/share/libdrm/amdgpu.ids: No such file or directory
0: /opt/amdgpu/share/libdrm/amdgpu.ids: No such file or directory
0: /opt/amdgpu/share/libdrm/amdgpu.ids: No such file or directory
0: /opt/amdgpu/share/libdrm/amdgpu.ids: No such file or directory
0: /opt/amdgpu/share/libdrm/amdgpu.ids: No such file or directory
0: /opt/amdgpu/share/libdrm/amdgpu.ids: No such file or directory
0: /opt/amdgpu/share/libdrm/amdgpu.ids: No such file or directory
0: /opt/amdgpu/share/libdrm/amdgpu.ids: No such file or directory
0: /opt/amdgpu/share/libdrm/amdgpu.ids: No such file or directory
0: /opt/amdgpu/share/libdrm/amdgpu.ids: No such file or directory
0: /opt/amdgpu/share/libdrm/amdgpu.ids: No such file or directory
0: /opt/amdgpu/share/libdrm/amdgpu.ids: No such file or directory
0: launch.sh: line 25: ​: command not found
0: /opt/amdgpu/share/libdrm/amdgpu.ids: No such file or directory
0: /opt/amdgpu/share/libdrm/amdgpu.ids: No such file or directory
0: /opt/amdgpu/share/libdrm/amdgpu.ids: No such file or directory
0: /opt/amdgpu/share/libdrm/amdgpu.ids: No such file or directory
0: /opt/amdgpu/share/libdrm/amdgpu.ids: No such file or directory
0: /opt/amdgpu/share/libdrm/amdgpu.ids: No such file or directory
0: /opt/amdgpu/share/libdrm/amdgpu.ids: No such file or directory
0: /opt/amdgpu/share/libdrm/amdgpu.ids: No such file or directory
0: /opt/amdgpu/share/libdrm/amdgpu.ids: No such file or directory
0: /opt/amdgpu/share/libdrm/amdgpu.ids: No such file or directory
0: /opt/amdgpu/share/libdrm/amdgpu.ids: No such file or directory
0: /opt/amdgpu/share/libdrm/amdgpu.ids: No such file or directory
0: /opt/amdgpu/share/libdrm/amdgpu.ids: No such file or directory
0: /opt/amdgpu/share/libdrm/amdgpu.ids: No such file or directory
0: /opt/amdgpu/share/libdrm/amdgpu.ids: No such file or directory
0: /opt/amdgpu/share/libdrm/amdgpu.ids: No such file or directory
0: /opt/amdgpu/share/libdrm/amdgpu.ids: No such file or directory
0: /opt/amdgpu/share/libdrm/amdgpu.ids: No such file or directory
0: /opt/amdgpu/share/libdrm/amdgpu.ids: No such file or directory
0: /opt/amdgpu/share/libdrm/amdgpu.ids: No such file or directory
0: /opt/amdgpu/share/libdrm/amdgpu.ids: No such file or directory
0: /opt/amdgpu/share/libdrm/amdgpu.ids: No such file or directory
0: /opt/amdgpu/share/libdrm/amdgpu.ids: No such file or directory
0: /opt/amdgpu/share/libdrm/amdgpu.ids: No such file or directory
0: /opt/amdgpu/share/libdrm/amdgpu.ids: No such file or directory
0: /opt/amdgpu/share/libdrm/amdgpu.ids: No such file or directory
0: /opt/amdgpu/share/libdrm/amdgpu.ids: No such file or directory
0: /opt/amdgpu/share/libdrm/amdgpu.ids: No such file or directory
0: /opt/amdgpu/share/libdrm/amdgpu.ids: No such file or directory
0: /opt/amdgpu/share/libdrm/amdgpu.ids: No such file or directory
0: /opt/amdgpu/share/libdrm/amdgpu.ids: No such file or directory
0: /opt/amdgpu/share/libdrm/amdgpu.ids: No such file or directory
0: /opt/amdgpu/share/libdrm/amdgpu.ids: No such file or directory
0: /opt/amdgpu/share/libdrm/amdgpu.ids: No such file or directory
0: /opt/amdgpu/share/libdrm/amdgpu.ids: No such file or directory
0: /opt/amdgpu/share/libdrm/amdgpu.ids: No such file or directory
0: /opt/amdgpu/share/libdrm/amdgpu.ids: No such file or directory
0: /opt/amdgpu/share/libdrm/amdgpu.ids: No such file or directory
0: /opt/amdgpu/share/libdrm/amdgpu.ids: No such file or directory
0: /opt/amdgpu/share/libdrm/amdgpu.ids: No such file or directory
0: /opt/amdgpu/share/libdrm/amdgpu.ids: No such file or directory
0: /opt/amdgpu/share/libdrm/amdgpu.ids: No such file or directory
0: /opt/amdgpu/share/libdrm/amdgpu.ids: No such file or directory
0: /opt/amdgpu/share/libdrm/amdgpu.ids: No such file or directory
0: /opt/amdgpu/share/libdrm/amdgpu.ids: No such file or directory
0: /opt/amdgpu/share/libdrm/amdgpu.ids: No such file or directory
0: /opt/amdgpu/share/libdrm/amdgpu.ids: No such file or directory
0: /opt/amdgpu/share/libdrm/amdgpu.ids: No such file or directory
0: /opt/amdgpu/share/libdrm/amdgpu.ids: No such file or directory
0: /opt/amdgpu/share/libdrm/amdgpu.ids: No such file or directory
0: /opt/amdgpu/share/libdrm/amdgpu.ids: No such file or directory
0: /opt/amdgpu/share/libdrm/amdgpu.ids: No such file or directory
0: /opt/amdgpu/share/libdrm/amdgpu.ids: No such file or directory
0: /opt/amdgpu/share/libdrm/amdgpu.ids: No such file or directory
0: /opt/amdgpu/share/libdrm/amdgpu.ids: No such file or directory
0: /opt/amdgpu/share/libdrm/amdgpu.ids: No such file or directory
0: /opt/amdgpu/share/libdrm/amdgpu.ids: No such file or directory
0: /opt/amdgpu/share/libdrm/amdgpu.ids: No such file or directory
0: /opt/amdgpu/share/libdrm/amdgpu.ids: No such file or directory
0: /opt/amdgpu/share/libdrm/amdgpu.ids: No such file or directory
0: /opt/amdgpu/share/libdrm/amdgpu.ids: No such file or directory
0: /opt/amdgpu/share/libdrm/amdgpu.ids: No such file or directory
0: /opt/amdgpu/share/libdrm/amdgpu.ids: No such file or directory
0: /opt/amdgpu/share/libdrm/amdgpu.ids: No such file or directory
0: /opt/amdgpu/share/libdrm/amdgpu.ids: No such file or directory
0: /opt/amdgpu/share/libdrm/amdgpu.ids: No such file or directory
0: /opt/amdgpu/share/libdrm/amdgpu.ids: No such file or directory
0: /opt/amdgpu/share/libdrm/amdgpu.ids: No such file or directory
0: /opt/amdgpu/share/libdrm/amdgpu.ids: No such file or directory
0: /opt/amdgpu/share/libdrm/amdgpu.ids: No such file or directory
0: /opt/amdgpu/share/libdrm/amdgpu.ids: No such file or directory
0: /opt/amdgpu/share/libdrm/amdgpu.ids: No such file or directory
0: /opt/amdgpu/share/libdrm/amdgpu.ids: No such file or directory
0: /opt/amdgpu/share/libdrm/amdgpu.ids: No such file or directory
0: /opt/amdgpu/share/libdrm/amdgpu.ids: No such file or directory
0: /opt/amdgpu/share/libdrm/amdgpu.ids: No such file or directory
0: /opt/amdgpu/share/libdrm/amdgpu.ids: No such file or directory
0: /opt/amdgpu/share/libdrm/amdgpu.ids: No such file or directory
0: /opt/amdgpu/share/libdrm/amdgpu.ids: No such file or directory
0: /opt/amdgpu/share/libdrm/amdgpu.ids: No such file or directory
0: /opt/amdgpu/share/libdrm/amdgpu.ids: No such file or directory
0: /opt/amdgpu/share/libdrm/amdgpu.ids: No such file or directory
0: /opt/amdgpu/share/libdrm/amdgpu.ids: No such file or directory
0: /opt/amdgpu/share/libdrm/amdgpu.ids: No such file or directory
0: /opt/amdgpu/share/libdrm/amdgpu.ids: No such file or directory
0: /opt/amdgpu/share/libdrm/amdgpu.ids: No such file or directory
0: /opt/amdgpu/share/libdrm/amdgpu.ids: No such file or directory
0: /opt/amdgpu/share/libdrm/amdgpu.ids: No such file or directory
0: /opt/amdgpu/share/libdrm/amdgpu.ids: No such file or directory
0: /opt/amdgpu/share/libdrm/amdgpu.ids: No such file or directory
0: /opt/amdgpu/share/libdrm/amdgpu.ids: No such file or directory
0: /opt/amdgpu/share/libdrm/amdgpu.ids: No such file or directory
0: /opt/amdgpu/share/libdrm/amdgpu.ids: No such file or directory
0: /opt/amdgpu/share/libdrm/amdgpu.ids: No such file or directory
0: /opt/amdgpu/share/libdrm/amdgpu.ids: No such file or directory
0: /opt/amdgpu/share/libdrm/amdgpu.ids: No such file or directory
0: /opt/amdgpu/share/libdrm/amdgpu.ids: No such file or directory
0: /opt/amdgpu/share/libdrm/amdgpu.ids: No such file or directory
0: /opt/amdgpu/share/libdrm/amdgpu.ids: No such file or directory
0: /opt/amdgpu/share/libdrm/amdgpu.ids: No such file or directory
0: /opt/amdgpu/share/libdrm/amdgpu.ids: No such file or directory
0: /opt/amdgpu/share/libdrm/amdgpu.ids: No such file or directory
0: /opt/amdgpu/share/libdrm/amdgpu.ids: No such file or directory
0: /opt/amdgpu/share/libdrm/amdgpu.ids: No such file or directory
0: /opt/amdgpu/share/libdrm/amdgpu.ids: No such file or directory
0: /opt/amdgpu/share/libdrm/amdgpu.ids: No such file or directory
0: /opt/amdgpu/share/libdrm/amdgpu.ids: No such file or directory
0: /opt/amdgpu/share/libdrm/amdgpu.ids: No such file or directory
0: /opt/amdgpu/share/libdrm/amdgpu.ids: No such file or directory
0: /opt/amdgpu/share/libdrm/amdgpu.ids: No such file or directory
0: /opt/amdgpu/share/libdrm/amdgpu.ids: No such file or directory
0: /opt/amdgpu/share/libdrm/amdgpu.ids: No such file or directory
0: /opt/amdgpu/share/libdrm/amdgpu.ids: No such file or directory
0: /opt/amdgpu/share/libdrm/amdgpu.ids: No such file or directory
0: /opt/amdgpu/share/libdrm/amdgpu.ids: No such file or directory
0: /opt/amdgpu/share/libdrm/amdgpu.ids: No such file or directory
0: /opt/amdgpu/share/libdrm/amdgpu.ids: No such file or directory
0: /opt/amdgpu/share/libdrm/amdgpu.ids: No such file or directory
0: /opt/amdgpu/share/libdrm/amdgpu.ids: No such file or directory
0: /opt/amdgpu/share/libdrm/amdgpu.ids: No such file or directory
0: /opt/amdgpu/share/libdrm/amdgpu.ids: No such file or directory
0: /opt/amdgpu/share/libdrm/amdgpu.ids: No such file or directory
0: /opt/amdgpu/share/libdrm/amdgpu.ids: No such file or directory
0: /opt/amdgpu/share/libdrm/amdgpu.ids: No such file or directory
0: /opt/amdgpu/share/libdrm/amdgpu.ids: No such file or directory
0: /opt/amdgpu/share/libdrm/amdgpu.ids: No such file or directory
0: /opt/amdgpu/share/libdrm/amdgpu.ids: No such file or directory
0: /opt/amdgpu/share/libdrm/amdgpu.ids: No such file or directory
0: [92mSuccessfully preprocessed all matching files.[0m
0: [92mSuccessfully preprocessed all matching files.[0m
0: [92mSuccessfully preprocessed all matching files.[0m
0: [92mSuccessfully preprocessed all matching files.[0m
0: [92mSuccessfully preprocessed all matching files.[0m
0: [92mSuccessfully preprocessed all matching files.[0m
0: [92mSuccessfully preprocessed all matching files.[0m
0: [92mSuccessfully preprocessed all matching files.[0m
0: [92mSuccessfully preprocessed all matching files.[0m
0: /pfs/lustrep4/projappl/project_462000119/nouatazi/Megatron-DeepSpeed/megatron/utils.py:349: UserWarning: Parameter count with the embeddings will be inaccurate with PP > 1, as the first and last stage hold several copies of the embeddings
0:   warnings.warn("Parameter count with the embeddings will be inaccurate with PP > 1, as the first and last stage hold several copies of the embeddings")
srun: Job step aborted: Waiting up to 32 seconds for job step to finish.
0: slurmstepd: error: *** STEP 1793514.0 ON nid005104 CANCELLED AT 2022-10-15T02:58:23 ***
slurmstepd: error: *** JOB 1793514 ON nid005104 CANCELLED AT 2022-10-15T02:58:23 ***
